<?xml version="1.0" encoding="UTF-8"?>
<!-- Generated by org.testng.reporters.JUnitReportReporter -->
<testsuite skipped="1" hostname="CDC2-D-513RJHR" name="day1.ActionsAmazon" tests="2" failures="0" timestamp="12 Mar 2019 05:05:07 GMT" time="27.121" errors="0">
  <testcase name="javaScriptExec" time="27.121" classname="day1.ActionsAmazon"/>
  <testcase name="f" classname="day1.ActionsAmazon">
    <skipped/>
  </testcase> <!-- f -->
</testsuite> <!-- day1.ActionsAmazon -->
