<?xml version="1.0" encoding="UTF-8"?>
<!-- Generated by org.testng.reporters.JUnitReportReporter -->
<testsuite skipped="0" hostname="CDC2-D-513RJHR" name="day1.DownloadFileInIE" tests="1" failures="0" timestamp="12 Mar 2019 04:12:58 GMT" time="108.334" errors="0">
  <testcase name="downloadFile" time="108.334" classname="day1.DownloadFileInIE"/>
</testsuite> <!-- day1.DownloadFileInIE -->
