<?xml version="1.0" encoding="UTF-8"?>
<!-- Generated by org.testng.reporters.JUnitReportReporter -->
<testsuite skipped="0" hostname="CDC2-D-513RJHR" name="day1.GoogleTest" tests="1" failures="0" timestamp="11 Mar 2019 05:29:02 GMT" time="20.134" errors="0">
  <testcase name="f" time="20.134" classname="day1.GoogleTest"/>
</testsuite> <!-- day1.GoogleTest -->
